{"/home/dx-lab/stack-route/assignments/QUIZ-ENGINE-FOLDER/src/server/lib/helper.js":{"path":"/home/dx-lab/stack-route/assignments/QUIZ-ENGINE-FOLDER/src/server/lib/helper.js","s":{"1":1,"2":1,"3":2,"4":1,"5":1},"b":{"1":[1,1]},"f":{},"fnMap":{},"statementMap":{"1":{"start":{"line":1,"column":0},"end":{"line":13,"column":1}},"2":{"start":{"line":2,"column":18},"end":{"line":2,"column":21}},"3":{"start":{"line":4,"column":8},"end":{"line":9,"column":9}},"4":{"start":{"line":5,"column":12},"end":{"line":5,"column":21}},"5":{"start":{"line":8,"column":12},"end":{"line":8,"column":21}}},"branchMap":{"1":{"line":4,"type":"if","locations":[{"start":{"line":4,"column":8},"end":{"line":4,"column":8}},{"start":{"line":4,"column":8},"end":{"line":4,"column":8}}]}}}}